# JRE version: Java(TM) SE Runtime Environment (8.0_111-b14) (build 1.8.0_111-b14)
# Java VM: Java HotSpot(TM) Client VM (25.111-b14 mixed mode windows-x86 )
Heap:
 def new generation   total 4928K, used 512K [0x04800000, 0x04d50000, 0x09d50000)
  eden space 4416K,   0% used [0x04800000, 0x04800000, 0x04c50000)
  from space 512K, 100% used [0x04c50000, 0x04cd0000, 0x04cd0000)
  to   space 512K,   0% used [0x04cd0000, 0x04cd0000, 0x04d50000)
 tenured generation   total 11328K, used 11264K [0x09d50000, 0x0a860000, 0x14800000)
   the space 11328K,  99% used [0x09d50000, 0x0a850040, 0x0a850200, 0x0a860000)
 Metaspace       used 8368K, capacity 8542K, committed 8704K, reserved 9600K
GC Heap History (10 events):
Event: 25.521 GC heap after
Heap after GC invocations=9 (full 0):
 def new generation   total 4928K, used 87K [0x04800000, 0x04d50000, 0x09d50000)
  eden space 4416K,   0% used [0x04800000, 0x04800000, 0x04c50000)
  from space 512K,  17% used [0x04cd0000, 0x04ce5e38, 0x04d50000)
  to   space 512K,   0% used [0x04c50000, 0x04c50000, 0x04cd0000)
 tenured generation   total 10944K, used 8112K [0x09d50000, 0x0a800000, 0x14800000)
   the space 10944K,  74% used [0x09d50000, 0x0a53c238, 0x0a53c400, 0x0a800000)
 Metaspace       used 8358K, capacity 8542K, committed 8704K, reserved 9600K
}
Event: 29.797 GC heap before
{Heap before GC invocations=9 (full 0):
 def new generation   total 4928K, used 4503K [0x04800000, 0x04d50000, 0x09d50000)
  eden space 4416K, 100% used [0x04800000, 0x04c50000, 0x04c50000)
  from space 512K,  17% used [0x04cd0000, 0x04ce5e38, 0x04d50000)
  to   space 512K,   0% used [0x04c50000, 0x04c50000, 0x04cd0000)
 tenured generation   total 10944K, used 8112K [0x09d50000, 0x0a800000, 0x14800000)
   the space 10944K,  74% used [0x09d50000, 0x0a53c238, 0x0a53c400, 0x0a800000)
 Metaspace       used 8368K, capacity 8542K, committed 8704K, reserved 9600K
Event: 29.799 GC heap after
Heap after GC invocations=10 (full 0):
 def new generation   total 4928K, used 507K [0x04800000, 0x04d50000, 0x09d50000)
  eden space 4416K,   0% used [0x04800000, 0x04800000, 0x04c50000)
  from space 512K,  99% used [0x04c50000, 0x04ccee30, 0x04cd0000)
  to   space 512K,   0% used [0x04cd0000, 0x04cd0000, 0x04d50000)
 tenured generation   total 10944K, used 8137K [0x09d50000, 0x0a800000, 0x14800000)
   the space 10944K,  74% used [0x09d50000, 0x0a5425b8, 0x0a542600, 0x0a800000)
 Metaspace       used 8368K, capacity 8542K, committed 8704K, reserved 9600K
}
Event: 30.566 GC heap before
{Heap before GC invocations=10 (full 0):
 def new generation   total 4928K, used 4916K [0x04800000, 0x04d50000, 0x09d50000)
  eden space 4416K,  99% used [0x04800000, 0x04c4e490, 0x04c50000)
  from space 512K,  99% used [0x04c50000, 0x04ccee30, 0x04cd0000)
  to   space 512K,   0% used [0x04cd0000, 0x04cd0000, 0x04d50000)
 tenured generation   total 10944K, used 8137K [0x09d50000, 0x0a800000, 0x14800000)
   the space 10944K,  74% used [0x09d50000, 0x0a5425b8, 0x0a542600, 0x0a800000)
 Metaspace       used 8368K, capacity 8542K, committed 8704K, reserved 9600K
Event: 30.570 GC heap after
Heap after GC invocations=11 (full 0):
 def new generation   total 4928K, used 512K [0x04800000, 0x04d50000, 0x09d50000)
  eden space 4416K,   0% used [0x04800000, 0x04800000, 0x04c50000)
  from space 512K, 100% used [0x04cd0000, 0x04d50000, 0x04d50000)
  to   space 512K,   0% used [0x04c50000, 0x04c50000, 0x04cd0000)
 tenured generation   total 10944K, used 9633K [0x09d50000, 0x0a800000, 0x14800000)
   the space 10944K,  88% used [0x09d50000, 0x0a6b87d0, 0x0a6b8800, 0x0a800000)
 Metaspace       used 8368K, capacity 8542K, committed 8704K, reserved 9600K
}
Event: 31.571 GC heap before
{Heap before GC invocations=11 (full 0):
 def new generation   total 4928K, used 4928K [0x04800000, 0x04d50000, 0x09d50000)
  eden space 4416K, 100% used [0x04800000, 0x04c50000, 0x04c50000)
  from space 512K, 100% used [0x04cd0000, 0x04d50000, 0x04d50000)
  to   space 512K,   0% used [0x04c50000, 0x04c50000, 0x04cd0000)
 tenured generation   total 10944K, used 9633K [0x09d50000, 0x0a800000, 0x14800000)
   the space 10944K,  88% used [0x09d50000, 0x0a6b87d0, 0x0a6b8800, 0x0a800000)
 Metaspace       used 8368K, capacity 8542K, committed 8704K, reserved 9600K
Event: 31.574 GC heap after
Heap after GC invocations=12 (full 0):
 def new generation   total 4928K, used 508K [0x04800000, 0x04d50000, 0x09d50000)
  eden space 4416K,   0% used [0x04800000, 0x04800000, 0x04c50000)
  from space 512K,  99% used [0x04c50000, 0x04ccf128, 0x04cd0000)
  to   space 512K,   0% used [0x04cd0000, 0x04cd0000, 0x04d50000)
 tenured generation   total 10944K, used 10199K [0x09d50000, 0x0a800000, 0x14800000)
   the space 10944K,  93% used [0x09d50000, 0x0a745d08, 0x0a745e00, 0x0a800000)
 Metaspace       used 8368K, capacity 8542K, committed 8704K, reserved 9600K
}
Event: 32.878 GC heap before
{Heap before GC invocations=12 (full 0):
 def new generation   total 4928K, used 4924K [0x04800000, 0x04d50000, 0x09d50000)
  eden space 4416K, 100% used [0x04800000, 0x04c50000, 0x04c50000)
  from space 512K,  99% used [0x04c50000, 0x04ccf128, 0x04cd0000)
  to   space 512K,   0% used [0x04cd0000, 0x04cd0000, 0x04d50000)
 tenured generation   total 10944K, used 10199K [0x09d50000, 0x0a800000, 0x14800000)
   the space 10944K,  93% used [0x09d50000, 0x0a745d08, 0x0a745e00, 0x0a800000)
 Metaspace       used 8368K, capacity 8542K, committed 8704K, reserved 9600K
Event: 32.881 GC heap after
Heap after GC invocations=13 (full 0):
 def new generation   total 4928K, used 494K [0x04800000, 0x04d50000, 0x09d50000)
  eden space 4416K,   0% used [0x04800000, 0x04800000, 0x04c50000)
  from space 512K,  96% used [0x04cd0000, 0x04d4ba08, 0x04d50000)
  to   space 512K,   0% used [0x04c50000, 0x04c50000, 0x04cd0000)
 tenured generation   total 10944K, used 10694K [0x09d50000, 0x0a800000, 0x14800000)
   the space 10944K,  97% used [0x09d50000, 0x0a7c1b00, 0x0a7c1c00, 0x0a800000)
 Metaspace       used 8368K, capacity 8542K, committed 8704K, reserved 9600K
}
Event: 34.049 GC heap before
{Heap before GC invocations=13 (full 0):
 def new generation   total 4928K, used 4910K [0x04800000, 0x04d50000, 0x09d50000)
  eden space 4416K, 100% used [0x04800000, 0x04c50000, 0x04c50000)
  from space 512K,  96% used [0x04cd0000, 0x04d4ba08, 0x04d50000)
  to   space 512K,   0% used [0x04c50000, 0x04c50000, 0x04cd0000)
 tenured generation   total 10944K, used 10694K [0x09d50000, 0x0a800000, 0x14800000)
   the space 10944K,  97% used [0x09d50000, 0x0a7c1b00, 0x0a7c1c00, 0x0a800000)
 Metaspace       used 8368K, capacity 8542K, committed 8704K, reserved 9600K

